<?xml version="1.0" encoding="UTF-8" ?>
<testsuite errors="0" failures="0" hostname="hp" name="com.TestScripts.RegistrationTest" tests="1" time="14.954" timestamp="2012-12-06T12:48:52">
  <properties>
[...]
</properties>
  <testcase classname="com.TestScripts.RegistrationTest" name="testValidRegister" time="14.853" />
  <system-out><![CDATA[]]></system-out>
  <system-err><![CDATA[log4j:WARN No appenders could be found for logger (org.apache.http.impl.conn.tsccm.ThreadSafeClientConnManager).
log4j:WARN Please initialize the log4j system properly.
]]></system-err>
</testsuite>
